<?xml version="1.0" encoding="UTF-8"?>
<testng-results ignored="0" total="1" passed="1" failed="0" skipped="0">
  <reporter-output>
  </reporter-output>
  <suite started-at="2024-08-08T21:41:47 EET" name="Default suite" finished-at="2024-08-08T21:42:06 EET" duration-ms="18448">
    <groups>
    </groups>
    <test started-at="2024-08-08T21:41:47 EET" name="Default test" finished-at="2024-08-08T21:42:06 EET" duration-ms="18448">
      <class name="SwagLab">
        <test-method is-config="true" signature="MySetup()[pri:0, instance:SwagLab@44b3606b]" started-at="2024-08-08T21:41:47 EET" name="MySetup" finished-at="2024-08-08T21:41:49 EET" duration-ms="1840" status="PASS">
          <reporter-output>
          </reporter-output>
        </test-method> <!-- MySetup -->
        <test-method signature="Login()[pri:0, instance:SwagLab@44b3606b]" started-at="2024-08-08T21:41:49 EET" name="Login" finished-at="2024-08-08T21:42:05 EET" duration-ms="16273" status="PASS">
          <reporter-output>
          </reporter-output>
        </test-method> <!-- Login -->
      </class> <!-- SwagLab -->
    </test> <!-- Default test -->
  </suite> <!-- Default suite -->
</testng-results>
